2024-01-27
[Epoch:1] ApiLoss:0.090798 
[Evaluate] ApiLoss:0.010468 
NDCG_A:[0.360677 0.45146  0.494629 0.499901 0.499124 0.501982 0.498242]
AP_A:[0.360677 0.420361 0.433305 0.431007 0.421164 0.418331 0.406391]
Pre_A:[0.360677 0.128906 0.086328 0.061545 0.05026  0.042448 0.037934]
Recall_A:[0.25662  0.377068 0.501452 0.529502 0.564303 0.58833  0.617618] 
2024-02-04
2024-02-04
2024-02-04
2024-02-04
[Epoch:1] ApiLoss:0.090299 
[Evaluate] ApiLoss:0.01035 
NDCG_A:[0.363281 0.455334 0.482333 0.483388 0.485815 0.49023  0.49504 ]
AP_A:[0.363281 0.422541 0.422471 0.418543 0.415356 0.411274 0.406558]
Pre_A:[0.363281 0.129427 0.086068 0.060851 0.048047 0.040885 0.036632]
Recall_A:[0.25547  0.382794 0.478093 0.497247 0.515013 0.551422 0.59549 ] Confusion Matrix_A:
[[210536.666667      0.      ]
 [   279.333333      0.      ]]
Accuracy_A:0.998675
[Epoch:2] ApiLoss:0.008348 
[Evaluate] ApiLoss:0.008146 
NDCG_A:[0.365885 0.468651 0.496432 0.503768 0.508107 0.511781 0.513036]
AP_A:[0.365885 0.433221 0.437056 0.432871 0.43108  0.428992 0.425805]
Pre_A:[0.365885 0.136979 0.087109 0.064757 0.051758 0.043229 0.037543]
Recall_A:[0.260787 0.401281 0.496303 0.541864 0.57439  0.597552 0.61593 ] Confusion Matrix_A:
[[210538.666667      0.      ]
 [   277.333333      0.      ]]
Accuracy_A:0.998684
[Epoch:3] ApiLoss:0.007232 
[Evaluate] ApiLoss:0.007484 
NDCG_A:[0.364583 0.461095 0.49246  0.498742 0.49996  0.497987 0.499487]
AP_A:[0.364583 0.425669 0.43519  0.430251 0.424255 0.415458 0.412931]
Pre_A:[0.364583 0.136198 0.085547 0.063889 0.051107 0.043229 0.037326]
Recall_A:[0.259392 0.399663 0.493549 0.535736 0.561233 0.582134 0.600671] Confusion Matrix_A:
[[210543.333333      0.      ]
 [   272.666667      0.      ]]
Accuracy_A:0.998707
[Epoch:4] ApiLoss:0.006972 
[Evaluate] ApiLoss:0.007414 
NDCG_A:[0.354167 0.449304 0.482084 0.49131  0.489512 0.491833 0.492553]
AP_A:[0.354167 0.411274 0.421902 0.420938 0.409733 0.406783 0.403615]
Pre_A:[0.354167 0.136719 0.085417 0.063542 0.051367 0.042604 0.036806]
Recall_A:[0.256039 0.400562 0.494491 0.54094  0.570709 0.59369  0.605589] Confusion Matrix_A:
[[210542.      0.]
 [   274.      0.]]
Accuracy_A:0.9987
[Epoch:5] ApiLoss:0.006905 
[Evaluate] ApiLoss:0.007528 
NDCG_A:[0.35026  0.457938 0.4839   0.494543 0.49367  0.496127 0.494718]
AP_A:[0.35026  0.420323 0.426831 0.425791 0.415489 0.411099 0.40415 ]
Pre_A:[0.35026  0.136458 0.086849 0.063021 0.050781 0.043281 0.037543]
Recall_A:[0.245596 0.390488 0.477701 0.527479 0.561309 0.589718 0.604708] Confusion Matrix_A:
[[210535.5      0. ]
 [   280.5      0. ]]
Accuracy_A:0.998669
[Epoch:6] ApiLoss:0.006854 
[Evaluate] ApiLoss:0.007386 
NDCG_A:[0.356771 0.462205 0.484451 0.494895 0.499029 0.496291 0.498068]
AP_A:[0.356771 0.425403 0.428165 0.425316 0.422363 0.412211 0.407886]
Pre_A:[0.356771 0.136719 0.085937 0.064583 0.051432 0.04349  0.038064]
Recall_A:[0.251579 0.394436 0.474069 0.529448 0.560295 0.580449 0.605438] Confusion Matrix_A:
[[2.10537e+05 1.00000e+00]
 [2.63500e+02 1.45000e+01]]
Accuracy_A:0.998745
[Epoch:7] ApiLoss:0.0068 
[Evaluate] ApiLoss:0.007297 
NDCG_A:[0.360677 0.458508 0.490013 0.497843 0.499858 0.499868 0.502121]
AP_A:[0.360677 0.422662 0.431979 0.427473 0.422662 0.417248 0.414105]
Pre_A:[0.360677 0.13776  0.085547 0.064149 0.051237 0.043177 0.037587]
Recall_A:[0.258497 0.396999 0.488153 0.538925 0.567538 0.588128 0.611579] Confusion Matrix_A:
[[2.105325e+05 5.000000e+00]
 [2.480000e+02 3.050000e+01]]
Accuracy_A:0.9988
[Epoch:8] ApiLoss:0.006703 
[Evaluate] ApiLoss:0.006757 
NDCG_A:[0.402344 0.490693 0.513506 0.51566  0.518541 0.517767 0.517232]
AP_A:[0.402344 0.458789 0.45653  0.449494 0.445328 0.437437 0.432658]
Pre_A:[0.402344 0.135417 0.087109 0.064062 0.050781 0.042917 0.037023]
Recall_A:[0.279323 0.413288 0.502901 0.541191 0.566735 0.593582 0.609923] Confusion Matrix_A:
[[2.10547167e+05 4.50000000e+00]
 [2.35833333e+02 2.85000000e+01]]
Accuracy_A:0.99886
[Epoch:9] ApiLoss:0.006626 
[Evaluate] ApiLoss:0.007035 
NDCG_A:[0.403646 0.504178 0.526898 0.528443 0.529433 0.531804 0.531974]
AP_A:[0.403646 0.471569 0.468146 0.460004 0.454448 0.450411 0.447886]
Pre_A:[0.403646 0.142708 0.090755 0.066493 0.05306  0.044479 0.038238]
Recall_A:[0.277676 0.422219 0.518688 0.558726 0.581762 0.605774 0.615634] Confusion Matrix_A:
[[2.10534667e+05 4.33333300e+00]
 [2.45333333e+02 3.16666670e+01]]
Accuracy_A:0.998816
[Epoch:10] ApiLoss:0.00658 
[Evaluate] ApiLoss:0.007011 
NDCG_A:[0.450521 0.517038 0.535472 0.540637 0.540437 0.540162 0.540843]
AP_A:[0.450521 0.487901 0.482874 0.479503 0.469467 0.463487 0.456575]
Pre_A:[0.450521 0.144792 0.090755 0.065451 0.052799 0.043958 0.038628]
Recall_A:[0.304774 0.420046 0.509221 0.54317  0.575937 0.593578 0.624112] Confusion Matrix_A:
[[2.10533333e+05 6.16666700e+00]
 [2.43333333e+02 3.31666670e+01]]
Accuracy_A:0.998817
[Epoch:11] ApiLoss:0.006517 
[Evaluate] ApiLoss:0.006983 
NDCG_A:[0.46224  0.530242 0.54433  0.549823 0.554921 0.553537 0.553202]
AP_A:[0.46224  0.501347 0.493518 0.486409 0.483816 0.476244 0.470304]
Pre_A:[0.46224  0.144531 0.089974 0.06658  0.05293  0.044583 0.038845]
Recall_A:[0.319018 0.430269 0.50948  0.55728  0.588956 0.607604 0.627932] Confusion Matrix_A:
[[2.10532167e+05 6.83333300e+00]
 [2.40666667e+02 3.63333330e+01]]
Accuracy_A:0.998826
[Epoch:12] ApiLoss:0.006449 
[Evaluate] ApiLoss:0.006838 
NDCG_A:[0.490885 0.557265 0.565813 0.571542 0.572011 0.57067  0.573187]
AP_A:[0.490885 0.526405 0.520431 0.513598 0.505009 0.495859 0.49305 ]
Pre_A:[0.490885 0.157031 0.092578 0.067448 0.054102 0.045833 0.03967 ]
Recall_A:[0.337739 0.46921  0.521303 0.567268 0.598452 0.621075 0.644468] Confusion Matrix_A:
[[2.1053200e+05 7.6666670e+00]
 [2.3700000e+02 3.9333333e+01]]
Accuracy_A:0.998839
[Epoch:13] ApiLoss:0.006398 
[Evaluate] ApiLoss:0.007012 
NDCG_A:[0.483073 0.548708 0.561995 0.568021 0.568359 0.569466 0.568149]
AP_A:[0.483073 0.519763 0.512783 0.508854 0.501587 0.49782  0.490098]
Pre_A:[0.483073 0.152604 0.09349  0.067708 0.054102 0.045208 0.03941 ]
Recall_A:[0.325175 0.452024 0.526755 0.565958 0.591029 0.606751 0.624351] Confusion Matrix_A:
[[2.10530333e+05 5.16666700e+00]
 [2.45166667e+02 3.53333330e+01]]
Accuracy_A:0.998813
[Epoch:14] ApiLoss:0.006337 
[Evaluate] ApiLoss:0.006639 
NDCG_A:[0.507812 0.580826 0.590062 0.591139 0.593481 0.594881 0.592763]
AP_A:[0.507812 0.551836 0.545869 0.537296 0.533737 0.527887 0.517938]
Pre_A:[0.507812 0.16224  0.09388  0.068576 0.053711 0.045208 0.039757]
Recall_A:[0.348369 0.491137 0.542698 0.577571 0.601152 0.626745 0.647116] Confusion Matrix_A:
[[2.10534500e+05 8.66666700e+00]
 [2.27333333e+02 4.55000000e+01]]
Accuracy_A:0.998881
[Epoch:15] ApiLoss:0.00622 
[Evaluate] ApiLoss:0.00676 
NDCG_A:[0.513021 0.580726 0.591193 0.595099 0.596111 0.592279 0.590663]
AP_A:[0.513021 0.552691 0.545939 0.539977 0.533391 0.523211 0.517869]
Pre_A:[0.513021 0.165625 0.097396 0.070052 0.055339 0.046198 0.039844]
Recall_A:[0.344967 0.486127 0.549397 0.581894 0.604298 0.622068 0.634522] Confusion Matrix_A:
[[2.10529000e+05 8.16666700e+00]
 [2.29166667e+02 4.96666670e+01]]
Accuracy_A:0.998874
[Epoch:16] ApiLoss:0.006134 
[Evaluate] ApiLoss:0.006605 
NDCG_A:[0.516927 0.587473 0.593576 0.595193 0.597939 0.598549 0.598184]
AP_A:[0.516927 0.558473 0.548886 0.543339 0.539355 0.535    0.528293]
Pre_A:[0.516927 0.166146 0.095964 0.068576 0.054297 0.04526  0.039714]
Recall_A:[0.353076 0.499874 0.550368 0.575143 0.601981 0.618358 0.640736] Confusion Matrix_A:
[[2.1052850e+05 1.2166667e+01]
 [2.2000000e+02 5.5333333e+01]]
Accuracy_A:0.998899
[Epoch:17] ApiLoss:0.006047 
[Evaluate] ApiLoss:0.006602 
NDCG_A:[0.523438 0.597904 0.605556 0.606799 0.604914 0.604929 0.604198]
AP_A:[0.523438 0.569112 0.563181 0.553993 0.545054 0.538863 0.533096]
Pre_A:[0.523438 0.170573 0.097396 0.070573 0.05625  0.047344 0.040972]
Recall_A:[0.35775  0.505926 0.554293 0.588501 0.608998 0.629785 0.647306] Confusion Matrix_A:
[[2.10525833e+05 1.31666670e+01]
 [2.19666667e+02 5.73333330e+01]]
Accuracy_A:0.998896
[Epoch:18] ApiLoss:0.005963 
[Evaluate] ApiLoss:0.006371 
NDCG_A:[0.545573 0.611614 0.61883  0.619377 0.622246 0.621091 0.61837 ]
AP_A:[0.545573 0.584243 0.577976 0.568398 0.562856 0.556698 0.547866]
Pre_A:[0.545573 0.171875 0.096875 0.070573 0.056576 0.046979 0.040712]
Recall_A:[0.372195 0.517068 0.564692 0.596105 0.622409 0.640694 0.66168 ] Confusion Matrix_A:
[[2.10532500e+05 1.10000000e+01]
 [2.14333333e+02 5.81666670e+01]]
Accuracy_A:0.998931
[Epoch:19] ApiLoss:0.005878 
[Evaluate] ApiLoss:0.006408 
NDCG_A:[0.549479 0.6208   0.628206 0.629236 0.628091 0.627775 0.62517 ]
AP_A:[0.549479 0.593327 0.587294 0.577667 0.568187 0.561915 0.555156]
Pre_A:[0.549479 0.175521 0.099219 0.071962 0.057812 0.048542 0.042014]
Recall_A:[0.370429 0.527019 0.57003  0.604482 0.631427 0.651087 0.664017] Confusion Matrix_A:
[[2.10529167e+05 1.06666670e+01]
 [2.17000000e+02 5.91666670e+01]]
Accuracy_A:0.99892
[Epoch:20] ApiLoss:0.005795 
[Evaluate] ApiLoss:0.00637 
NDCG_A:[0.552083 0.618396 0.62712  0.630612 0.629973 0.629022 0.626014]
AP_A:[0.552083 0.59107  0.585127 0.579314 0.572721 0.56577  0.558071]
Pre_A:[0.552083 0.176562 0.100391 0.072222 0.057161 0.047813 0.041406]
Recall_A:[0.370069 0.522935 0.573816 0.604766 0.626223 0.645334 0.657582] Confusion Matrix_A:
[[2.10526667e+05 1.28333330e+01]
 [2.15166667e+02 6.13333330e+01]]
Accuracy_A:0.998918
[Epoch:21] ApiLoss:0.005729 
[Evaluate] ApiLoss:0.006199 
NDCG_A:[0.554688 0.625466 0.631902 0.630105 0.629499 0.629358 0.627801]
AP_A:[0.554688 0.598777 0.588698 0.576325 0.568297 0.562647 0.555958]
Pre_A:[0.554688 0.176042 0.100651 0.073524 0.058659 0.049063 0.042578]
Recall_A:[0.376542 0.524936 0.579336 0.611611 0.635626 0.656079 0.675289] Confusion Matrix_A:
[[2.10526333e+05 1.55000000e+01]
 [2.10166667e+02 6.40000000e+01]]
Accuracy_A:0.99893
[Epoch:22] ApiLoss:0.005617 
[Evaluate] ApiLoss:0.006269 
NDCG_A:[0.55599  0.611742 0.623844 0.62642  0.627514 0.624695 0.624006]
AP_A:[0.55599  0.588795 0.582398 0.574018 0.569448 0.560932 0.554714]
Pre_A:[0.55599  0.172396 0.100521 0.073437 0.057812 0.048333 0.041884]
Recall_A:[0.373713 0.507971 0.572644 0.61151  0.634326 0.650465 0.668872] Confusion Matrix_A:
[[2.10528000e+05 1.35000000e+01]
 [2.13333333e+02 6.11666670e+01]]
Accuracy_A:0.998924
[Epoch:23] ApiLoss:0.005531 
[Evaluate] ApiLoss:0.006165 
NDCG_A:[0.561198 0.63076  0.637132 0.635876 0.634585 0.632434 0.632178]
AP_A:[0.561198 0.603375 0.595907 0.583585 0.573787 0.565774 0.562315]
Pre_A:[0.561198 0.178906 0.101172 0.073611 0.059245 0.049115 0.04197 ]
Recall_A:[0.37814  0.534256 0.583855 0.616834 0.64218  0.660912 0.670584] Confusion Matrix_A:
[[2.10521167e+05 2.01666670e+01]
 [2.05333333e+02 6.93333330e+01]]
Accuracy_A:0.99893
[Epoch:24] ApiLoss:0.005426 
[Evaluate] ApiLoss:0.005999 
NDCG_A:[0.582031 0.64205  0.652457 0.651496 0.650049 0.647784 0.647213]
AP_A:[0.582031 0.617972 0.613325 0.602826 0.593907 0.585749 0.579869]
Pre_A:[0.582031 0.179687 0.101693 0.07309  0.058203 0.048854 0.042274]
Recall_A:[0.397658 0.544571 0.59819  0.626594 0.649352 0.667343 0.685661] Confusion Matrix_A:
[[2.10527333e+05 1.81666670e+01]
 [2.01666667e+02 6.88333330e+01]]
Accuracy_A:0.998957
[Epoch:25] ApiLoss:0.005315 
[Evaluate] ApiLoss:0.006077 
NDCG_A:[0.580729 0.644948 0.649486 0.647981 0.650371 0.649061 0.648106]
AP_A:[0.580729 0.620302 0.608399 0.599044 0.592441 0.586008 0.581668]
Pre_A:[0.580729 0.179687 0.102604 0.073437 0.058854 0.049323 0.042274]
Recall_A:[0.397232 0.546115 0.5952   0.62102  0.653532 0.669355 0.681245] Confusion Matrix_A:
[[2.10529667e+05 1.28333330e+01]
 [2.07500000e+02 6.60000000e+01]]
Accuracy_A:0.998955
[Epoch:26] ApiLoss:0.005206 
[Evaluate] ApiLoss:0.006132 
NDCG_A:[0.575521 0.637232 0.641684 0.64105  0.640808 0.639167 0.638852]
AP_A:[0.575521 0.61242  0.604142 0.59221  0.581859 0.574519 0.569861]
Pre_A:[0.575521 0.176562 0.099089 0.072135 0.058268 0.048646 0.042057]
Recall_A:[0.392414 0.531641 0.57896  0.610686 0.643632 0.662784 0.679311] Confusion Matrix_A:
[[2.10526167e+05 1.55000000e+01]
 [2.08000000e+02 6.63333330e+01]]
Accuracy_A:0.99894
[Epoch:27] ApiLoss:0.005093 
[Evaluate] ApiLoss:0.006039 
NDCG_A:[0.579427 0.648383 0.653046 0.652722 0.650676 0.647796 0.646614]
AP_A:[0.579427 0.622463 0.611293 0.600871 0.590248 0.582635 0.577025]
Pre_A:[0.579427 0.182031 0.103255 0.074653 0.059896 0.04974  0.042882]
Recall_A:[0.395211 0.543379 0.595362 0.624076 0.653968 0.668777 0.68456 ] Confusion Matrix_A:
[[2.10518833e+05 2.23333330e+01]
 [2.01000000e+02 7.38333330e+01]]
Accuracy_A:0.998941
[Epoch:28] ApiLoss:0.004966 
[Evaluate] ApiLoss:0.006011 
NDCG_A:[0.595052 0.655267 0.663995 0.665663 0.665114 0.661601 0.661697]
AP_A:[0.595052 0.632539 0.626171 0.61742  0.607896 0.59819  0.592023]
Pre_A:[0.595052 0.180469 0.102083 0.074566 0.059505 0.049688 0.043316]
Recall_A:[0.411374 0.543447 0.595894 0.63222  0.66476  0.683041 0.705736] Confusion Matrix_A:
[[2.10518333e+05 2.26666670e+01]
 [2.00000000e+02 7.50000000e+01]]
Accuracy_A:0.998944
[Epoch:29] ApiLoss:0.004866 
[Evaluate] ApiLoss:0.006081 
NDCG_A:[0.580729 0.637376 0.645036 0.649176 0.646859 0.643801 0.642925]
AP_A:[0.580729 0.614728 0.605956 0.598036 0.589938 0.579952 0.575769]
Pre_A:[0.580729 0.177344 0.102474 0.074653 0.058919 0.049479 0.042361]
Recall_A:[0.398836 0.528526 0.587545 0.628458 0.647578 0.666776 0.67997 ] Confusion Matrix_A:
[[2.10521833e+05 1.85000000e+01]
 [2.04166667e+02 7.15000000e+01]]
Accuracy_A:0.998944
[Epoch:30] ApiLoss:0.004752 
[Evaluate] ApiLoss:0.005809 
NDCG_A:[0.591146 0.652198 0.65724  0.65905  0.656939 0.657536 0.656692]
AP_A:[0.591146 0.629346 0.619104 0.61137  0.597741 0.594398 0.588729]
Pre_A:[0.591146 0.180729 0.101953 0.073351 0.059701 0.049375 0.042622]
Recall_A:[0.406134 0.54147  0.590556 0.625149 0.663092 0.677844 0.694519] Confusion Matrix_A:
[[2.105315e+05 1.850000e+01]
 [1.935000e+02 7.250000e+01]]
Accuracy_A:0.998994
[Epoch:31] ApiLoss:0.004647 
[Evaluate] ApiLoss:0.006003 
NDCG_A:[0.597656 0.658529 0.666761 0.66543  0.664454 0.661956 0.663361]
AP_A:[0.597656 0.635599 0.630027 0.618973 0.610737 0.60288  0.598975]
Pre_A:[0.597656 0.185417 0.104167 0.075087 0.059766 0.049688 0.042969]
Recall_A:[0.41153  0.55708  0.600073 0.633258 0.656483 0.671779 0.689484] Confusion Matrix_A:
[[2.10521167e+05 1.86666670e+01]
 [1.99833333e+02 7.63333330e+01]]
Accuracy_A:0.998964
[Epoch:32] ApiLoss:0.004544 
[Evaluate] ApiLoss:0.005955 
NDCG_A:[0.601562 0.663181 0.669597 0.671439 0.671961 0.67094  0.668124]
AP_A:[0.601562 0.639348 0.629654 0.62093  0.615944 0.608446 0.601544]
Pre_A:[0.601562 0.183854 0.104167 0.075955 0.059701 0.049896 0.042882]
Recall_A:[0.414243 0.555272 0.6069   0.641188 0.662401 0.683797 0.6968  ] Confusion Matrix_A:
[[2.10522833e+05 1.81666670e+01]
 [2.00000000e+02 7.50000000e+01]]
Accuracy_A:0.998965
[Epoch:33] ApiLoss:0.004442 
[Evaluate] ApiLoss:0.005778 
NDCG_A:[0.601562 0.66277  0.669863 0.670583 0.670296 0.669006 0.669222]
AP_A:[0.601562 0.638721 0.632062 0.621981 0.616644 0.610379 0.603716]
Pre_A:[0.601562 0.184635 0.103646 0.074826 0.058659 0.048802 0.042665]
Recall_A:[0.415835 0.561239 0.609039 0.642151 0.660776 0.676725 0.703575] Confusion Matrix_A:
[[2.10529667e+05 1.95000000e+01]
 [1.89000000e+02 7.78333330e+01]]
Accuracy_A:0.999011
[Epoch:34] ApiLoss:0.004356 
[Evaluate] ApiLoss:0.005891 
NDCG_A:[0.602865 0.663248 0.668263 0.669512 0.666483 0.664703 0.663926]
AP_A:[0.602865 0.639413 0.628486 0.619464 0.611661 0.604917 0.60008 ]
Pre_A:[0.602865 0.186198 0.106641 0.07691  0.060156 0.050052 0.042882]
Recall_A:[0.413827 0.563043 0.61128  0.643409 0.658556 0.673128 0.687799] Confusion Matrix_A:
[[2.10521667e+05 2.00000000e+01]
 [1.96666667e+02 7.76666670e+01]]
Accuracy_A:0.998972
[Epoch:35] ApiLoss:0.00426 
[Evaluate] ApiLoss:0.00608 
NDCG_A:[0.601562 0.667778 0.671267 0.673161 0.672763 0.67118  0.670048]
AP_A:[0.601562 0.640784 0.633383 0.62715  0.620978 0.614425 0.605474]
Pre_A:[0.601562 0.191927 0.105859 0.075347 0.059245 0.049063 0.042795]
Recall_A:[0.418465 0.570962 0.605816 0.632995 0.653501 0.669625 0.697571] Confusion Matrix_A:
[[2.10517333e+05 2.20000000e+01]
 [1.97000000e+02 7.96666670e+01]]
Accuracy_A:0.998961
[Epoch:36] ApiLoss:0.004157 
[Evaluate] ApiLoss:0.006034 
NDCG_A:[0.605469 0.673673 0.671567 0.674177 0.673491 0.672283 0.671675]
AP_A:[0.605469 0.646606 0.631954 0.627109 0.619291 0.611767 0.606587]
Pre_A:[0.605469 0.189583 0.105729 0.07526  0.05931  0.04974  0.042882]
Recall_A:[0.422061 0.576172 0.611385 0.637054 0.661685 0.682731 0.699211] Confusion Matrix_A:
[[2.10519833e+05 2.00000000e+01]
 [1.97166667e+02 7.90000000e+01]]
Accuracy_A:0.99897
[Epoch:37] ApiLoss:0.004097 
[Evaluate] ApiLoss:0.006014 
NDCG_A:[0.592448 0.663696 0.669421 0.670097 0.670651 0.670521 0.668666]
AP_A:[0.592448 0.638332 0.63046  0.621818 0.617212 0.612407 0.605371]
Pre_A:[0.592448 0.1875   0.105599 0.075608 0.05931  0.04901  0.042405]
Recall_A:[0.412244 0.569357 0.614716 0.644684 0.664061 0.680266 0.697841] Confusion Matrix_A:
[[2.10524833e+05 1.85000000e+01]
 [1.96333333e+02 7.63333330e+01]]
Accuracy_A:0.998981
[Epoch:38] ApiLoss:0.003987 
[Evaluate] ApiLoss:0.006099 
NDCG_A:[0.614583 0.674636 0.676389 0.675229 0.676522 0.675789 0.675941]
AP_A:[0.614583 0.651407 0.639871 0.62935  0.624017 0.618982 0.614755]
Pre_A:[0.614583 0.1875   0.10612  0.07526  0.05944  0.049115 0.042057]
Recall_A:[0.428681 0.572391 0.614243 0.640374 0.664423 0.678158 0.695031] Confusion Matrix_A:
[[2.10515167e+05 2.56666670e+01]
 [1.92000000e+02 8.31666670e+01]]
Accuracy_A:0.998968
[Epoch:39] ApiLoss:0.003911 
[Evaluate] ApiLoss:0.00629 
NDCG_A:[0.606771 0.665323 0.672225 0.673804 0.674244 0.673442 0.672026]
AP_A:[0.606771 0.642074 0.631826 0.624278 0.616301 0.611422 0.605746]
Pre_A:[0.606771 0.184115 0.104948 0.075    0.059766 0.049688 0.042925]
Recall_A:[0.422093 0.564526 0.618995 0.648716 0.677792 0.691176 0.705779] Confusion Matrix_A:
[[2.10522833e+05 1.65000000e+01]
 [2.02166667e+02 7.45000000e+01]]
Accuracy_A:0.998963
[Epoch:40] ApiLoss:0.003849 
[Evaluate] ApiLoss:0.006161 
NDCG_A:[0.610677 0.670992 0.675262 0.678313 0.677149 0.674908 0.673378]
AP_A:[0.610677 0.646897 0.637362 0.63121  0.624435 0.614829 0.607961]
Pre_A:[0.610677 0.188802 0.105469 0.075347 0.058659 0.049115 0.042622]
Recall_A:[0.426925 0.572325 0.615708 0.646202 0.665285 0.687401 0.70441 ] Confusion Matrix_A:
[[2.10518167e+05 2.35000000e+01]
 [1.93333333e+02 8.10000000e+01]]
Accuracy_A:0.998971
[Test] ApiLoss:0.005972 
NDCG_A:[0.593179 0.662542 0.670278 0.672273 0.673063 0.672411 0.669952]
AP_A:[0.593179 0.635759 0.629316 0.619811 0.611534 0.606759 0.599441]
Pre_A:[0.593179 0.197808 0.109866 0.079497 0.063581 0.052424 0.045067]
Recall_A:[0.398088 0.574285 0.623099 0.657939 0.688034 0.700193 0.715514] Confusion Matrix_A:
[[1.64471498e+03 1.42509000e-01]
 [1.56151000e+00 5.80999000e-01]]
Accuracy_A:0.998965
2024-03-12
[Epoch:1] ApiLoss:0.090337 
[Evaluate] ApiLoss:0.010632 
NDCG_A:[0.356771 0.453216 0.475099 0.47933  0.48431  0.485034 0.484642]
AP_A:[0.356771 0.422788 0.419595 0.416889 0.413019 0.408251 0.404228]
Pre_A:[0.356771 0.126042 0.082422 0.06033  0.048828 0.040938 0.035503]
Recall_A:[0.253799 0.384049 0.461479 0.494058 0.530635 0.548752 0.563115] 
[Epoch:2] ApiLoss:0.008387 
[Evaluate] ApiLoss:0.008153 
NDCG_A:[0.356771 0.455875 0.48682  0.491931 0.496182 0.498151 0.49743 ]
AP_A:[0.356771 0.420106 0.426062 0.421983 0.41699  0.41176  0.405978]
Pre_A:[0.356771 0.136458 0.086719 0.063715 0.051693 0.043385 0.037847]
Recall_A:[0.254385 0.395122 0.492819 0.531444 0.569557 0.599909 0.616002] 
[Epoch:3] ApiLoss:0.007212 
[Evaluate] ApiLoss:0.007173 
NDCG_A:[0.364583 0.464826 0.498108 0.504893 0.507704 0.506221 0.50727 ]
AP_A:[0.364583 0.428964 0.436242 0.434381 0.430848 0.422093 0.419364]
Pre_A:[0.364583 0.138021 0.087891 0.064583 0.051367 0.043333 0.037196]
Recall_A:[0.258638 0.39902  0.50113  0.546764 0.57333  0.596448 0.609324] 
[Epoch:4] ApiLoss:0.006952 
[Evaluate] ApiLoss:0.007048 
NDCG_A:[0.360677 0.460748 0.490445 0.494505 0.501125 0.500642 0.501752]
AP_A:[0.360677 0.425373 0.43164  0.429692 0.424844 0.419227 0.416573]
Pre_A:[0.360677 0.136719 0.086849 0.061892 0.05026  0.042083 0.036458]
Recall_A:[0.258914 0.40043  0.491481 0.517482 0.56561  0.585323 0.600026] 
2024-03-12
[Epoch:1] ApiLoss:0.091823 
[Evaluate] ApiLoss:0.010508 
NDCG_A:[0.351562 0.449676 0.473545 0.475845 0.486127 0.485003 0.48637 ]
AP_A:[0.351562 0.41275  0.417492 0.414887 0.411523 0.402735 0.396869]
Pre_A:[0.351562 0.13099  0.08099  0.058333 0.048828 0.042135 0.0375  ]
Recall_A:[0.250696 0.392573 0.466659 0.483535 0.539356 0.572609 0.602671] 
[Epoch:2] ApiLoss:0.008438 
[Evaluate] ApiLoss:0.008052 
NDCG_A:[0.360677 0.460785 0.490637 0.495532 0.498868 0.503857 0.501965]
AP_A:[0.360677 0.424193 0.433617 0.427643 0.423862 0.422671 0.416218]
Pre_A:[0.360677 0.13724  0.086719 0.063368 0.050065 0.042188 0.036502]
Recall_A:[0.257772 0.400879 0.489565 0.530131 0.552762 0.584449 0.600404] 
[Epoch:3] ApiLoss:0.007236 
[Evaluate] ApiLoss:0.007703 
NDCG_A:[0.360677 0.463148 0.493062 0.499223 0.506608 0.509375 0.509416]
AP_A:[0.360677 0.42666  0.437241 0.430642 0.429146 0.424841 0.420354]
Pre_A:[0.360677 0.139583 0.08724  0.064323 0.051888 0.043698 0.037977]
Recall_A:[0.254493 0.398681 0.481946 0.528104 0.57112  0.599402 0.612891] 
[Epoch:4] ApiLoss:0.006978 
[Evaluate] ApiLoss:0.007481 
NDCG_A:[0.358073 0.477567 0.489814 0.502809 0.505294 0.506587 0.506338]
AP_A:[0.358073 0.436176 0.431838 0.429975 0.425398 0.419316 0.416983]
Pre_A:[0.358073 0.135937 0.085417 0.063455 0.051172 0.043385 0.037283]
Recall_A:[0.254428 0.417966 0.483114 0.54648  0.578125 0.600774 0.609591] 
[Epoch:5] ApiLoss:0.006906 
[Evaluate] ApiLoss:0.007365 
NDCG_A:[0.36849  0.475029 0.505555 0.504994 0.507366 0.509609 0.510471]
AP_A:[0.36849  0.441028 0.447101 0.441944 0.431872 0.426017 0.423636]
Pre_A:[0.36849  0.1375   0.088672 0.06276  0.051237 0.043698 0.037587]
Recall_A:[0.260353 0.402444 0.504266 0.524212 0.563469 0.595353 0.610606] 
[Epoch:6] ApiLoss:0.006866 
[Evaluate] ApiLoss:0.007281 
NDCG_A:[0.360677 0.464781 0.493137 0.502187 0.497919 0.498605 0.499919]
AP_A:[0.360677 0.430999 0.438759 0.435254 0.423175 0.419378 0.415057]
Pre_A:[0.360677 0.13776  0.085937 0.064062 0.051432 0.042865 0.037457]
Recall_A:[0.257532 0.400191 0.482091 0.536352 0.560325 0.576673 0.597578] 
[Epoch:7] ApiLoss:0.006773 
[Evaluate] ApiLoss:0.007192 
NDCG_A:[0.375    0.474155 0.499435 0.503261 0.510698 0.511029 0.509742]
AP_A:[0.375    0.438777 0.441189 0.43348  0.43032  0.425411 0.4203  ]
Pre_A:[0.375    0.138281 0.086719 0.065191 0.053385 0.044271 0.038411]
Recall_A:[0.267969 0.403386 0.495217 0.544065 0.589047 0.608788 0.622661] 
[Epoch:8] ApiLoss:0.006696 
[Evaluate] ApiLoss:0.007183 
NDCG_A:[0.47526  0.528935 0.54493  0.550838 0.549609 0.548651 0.549384]
AP_A:[0.47526  0.506359 0.500294 0.492629 0.485556 0.47546  0.472173]
Pre_A:[0.47526  0.138281 0.08724  0.064062 0.05013  0.043698 0.037977]
Recall_A:[0.323228 0.4117   0.490389 0.540012 0.557468 0.590389 0.606017] 
[Epoch:9] ApiLoss:0.006648 
[Evaluate] ApiLoss:0.007051 
NDCG_A:[0.445312 0.509219 0.535262 0.539647 0.544328 0.544616 0.543202]
AP_A:[0.445312 0.484297 0.482758 0.474455 0.472556 0.469858 0.463638]
Pre_A:[0.445312 0.143229 0.090495 0.067361 0.05319  0.043802 0.038021]
Recall_A:[0.300397 0.412199 0.510306 0.560165 0.589653 0.599516 0.61559 ] 
[Epoch:10] ApiLoss:0.006563 
[Evaluate] ApiLoss:0.00687 
NDCG_A:[0.416667 0.52177  0.532459 0.533606 0.536588 0.539093 0.540501]
AP_A:[0.416667 0.484411 0.478297 0.467831 0.464215 0.46002  0.45488 ]
Pre_A:[0.416667 0.147135 0.089583 0.065625 0.051888 0.043594 0.038238]
Recall_A:[0.291612 0.454438 0.521375 0.559213 0.582977 0.609948 0.638487] 
[Epoch:11] ApiLoss:0.006536 
[Evaluate] ApiLoss:0.00667 
NDCG_A:[0.47526  0.524292 0.544321 0.547712 0.549374 0.551291 0.551415]
AP_A:[0.47526  0.498438 0.496654 0.489452 0.48025  0.476197 0.470651]
Pre_A:[0.47526  0.144271 0.08763  0.064236 0.052279 0.043802 0.038064]
Recall_A:[0.324107 0.426661 0.507548 0.545636 0.587934 0.612031 0.63209 ] 
[Epoch:12] ApiLoss:0.00648 
[Evaluate] ApiLoss:0.006912 
NDCG_A:[0.447917 0.540787 0.551445 0.55716  0.559421 0.560005 0.560769]
AP_A:[0.447917 0.509393 0.500856 0.495109 0.486996 0.481504 0.47933 ]
Pre_A:[0.447917 0.15026  0.092578 0.067187 0.054492 0.045677 0.039323]
Recall_A:[0.307858 0.451592 0.523074 0.564013 0.599278 0.621883 0.636171] 
[Epoch:13] ApiLoss:0.006427 
[Evaluate] ApiLoss:0.00691 
NDCG_A:[0.481771 0.541118 0.557962 0.562629 0.564017 0.561597 0.561058]
AP_A:[0.481771 0.514759 0.509501 0.498984 0.490881 0.482153 0.477531]
Pre_A:[0.481771 0.148698 0.091927 0.068576 0.055339 0.046458 0.040321]
Recall_A:[0.326536 0.434492 0.51394  0.569671 0.605429 0.62294  0.639065] 
[Epoch:14] ApiLoss:0.006333 
[Evaluate] ApiLoss:0.006768 
NDCG_A:[0.485677 0.567604 0.572998 0.572473 0.572517 0.574102 0.571619]
AP_A:[0.485677 0.536297 0.523591 0.511943 0.505107 0.501158 0.494142]
Pre_A:[0.485677 0.157812 0.094271 0.069184 0.054622 0.045521 0.03928 ]
Recall_A:[0.323633 0.469211 0.53287  0.569743 0.58952  0.609497 0.624748] 
[Epoch:15] ApiLoss:0.006243 
[Evaluate] ApiLoss:0.006508 
NDCG_A:[0.496094 0.575489 0.581613 0.583391 0.585735 0.584163 0.582288]
AP_A:[0.496094 0.544631 0.536156 0.528473 0.522794 0.516716 0.510353]
Pre_A:[0.496094 0.1625   0.094271 0.068403 0.054557 0.045208 0.038932]
Recall_A:[0.342338 0.490458 0.536034 0.568501 0.596224 0.612285 0.625504] 
[Epoch:16] ApiLoss:0.006131 
[Evaluate] ApiLoss:0.006622 
NDCG_A:[0.522135 0.585942 0.595722 0.597764 0.597263 0.598089 0.597452]
AP_A:[0.522135 0.55906  0.553021 0.543327 0.537336 0.533331 0.528972]
Pre_A:[0.522135 0.167708 0.096745 0.070486 0.055273 0.04599  0.039497]
Recall_A:[0.356334 0.49193  0.547659 0.58686  0.60409  0.619801 0.633994] 
[Epoch:17] ApiLoss:0.006058 
[Evaluate] ApiLoss:0.006546 
NDCG_A:[0.53776  0.59411  0.598625 0.602779 0.603308 0.603003 0.604257]
AP_A:[0.53776  0.570958 0.559705 0.552169 0.5461   0.539432 0.535912]
Pre_A:[0.53776  0.163802 0.095703 0.070226 0.055339 0.04651  0.040148]
Recall_A:[0.368581 0.487547 0.542937 0.584228 0.601514 0.620873 0.64147 ] 
[Epoch:18] ApiLoss:0.005973 
[Evaluate] ApiLoss:0.006509 
NDCG_A:[0.533854 0.602261 0.611618 0.61218  0.610905 0.608893 0.607178]
AP_A:[0.533854 0.574769 0.568934 0.557057 0.548486 0.54131  0.534502]
Pre_A:[0.533854 0.170833 0.098307 0.071701 0.056836 0.047552 0.041059]
Recall_A:[0.363082 0.516154 0.562473 0.596922 0.621506 0.638082 0.654277] 
[Epoch:19] ApiLoss:0.005896 
[Evaluate] ApiLoss:0.006355 
NDCG_A:[0.549479 0.61882  0.626916 0.63001  0.629523 0.626865 0.624777]
AP_A:[0.549479 0.592079 0.58626  0.578855 0.572249 0.564496 0.558025]
Pre_A:[0.549479 0.176042 0.098958 0.072135 0.057096 0.047448 0.040972]
Recall_A:[0.376798 0.52848  0.573614 0.60909  0.629697 0.64324  0.659326] 
[Epoch:20] ApiLoss:0.005801 
[Evaluate] ApiLoss:0.0064 
NDCG_A:[0.552083 0.618219 0.624599 0.623644 0.623605 0.622201 0.620997]
AP_A:[0.552083 0.590998 0.582434 0.572385 0.563938 0.558889 0.552016]
Pre_A:[0.552083 0.17474  0.1      0.072049 0.057682 0.047865 0.041493]
Recall_A:[0.370277 0.521601 0.570806 0.599919 0.623844 0.636044 0.655645] 
[Epoch:21] ApiLoss:0.005747 
[Evaluate] ApiLoss:0.006063 
NDCG_A:[0.554688 0.626013 0.634768 0.633831 0.631747 0.630458 0.629681]
AP_A:[0.554688 0.597794 0.592136 0.580745 0.572948 0.565347 0.561849]
Pre_A:[0.554688 0.177865 0.100521 0.072049 0.056771 0.047552 0.040755]
Recall_A:[0.379202 0.538697 0.587126 0.617371 0.634235 0.654625 0.664691] 
[Epoch:22] ApiLoss:0.005641 
[Evaluate] ApiLoss:0.006215 
NDCG_A:[0.554688 0.62738  0.632628 0.631359 0.632596 0.63331  0.632347]
AP_A:[0.554688 0.600524 0.591153 0.582404 0.575636 0.569581 0.562941]
Pre_A:[0.554688 0.176042 0.099219 0.07066  0.05612  0.047396 0.041059]
Recall_A:[0.380739 0.531181 0.577008 0.598475 0.624073 0.64962  0.670474] 
[Epoch:23] ApiLoss:0.005545 
[Evaluate] ApiLoss:0.006143 
NDCG_A:[0.55599  0.617693 0.630489 0.632029 0.630609 0.62999  0.62578 ]
AP_A:[0.55599  0.591768 0.588259 0.580194 0.572668 0.565821 0.556464]
Pre_A:[0.55599  0.17474  0.1      0.071875 0.056576 0.047448 0.040929]
Recall_A:[0.373188 0.52108  0.576366 0.606931 0.627196 0.645091 0.658833] 
[Epoch:24] ApiLoss:0.005448 
[Evaluate] ApiLoss:0.006094 
NDCG_A:[0.56901  0.634103 0.637828 0.634835 0.636863 0.635855 0.634928]
AP_A:[0.56901  0.609847 0.599727 0.5838   0.578552 0.572323 0.567898]
Pre_A:[0.56901  0.177344 0.099609 0.073264 0.058659 0.048698 0.042057]
Recall_A:[0.387419 0.530707 0.576048 0.61149  0.640586 0.658116 0.670049] 
[Epoch:25] ApiLoss:0.005343 
[Evaluate] ApiLoss:0.006159 
NDCG_A:[0.570312 0.632913 0.640013 0.642209 0.641928 0.641129 0.639657]
AP_A:[0.570312 0.609552 0.601177 0.592763 0.586459 0.579709 0.574146]
Pre_A:[0.570312 0.178385 0.101432 0.073958 0.058398 0.049115 0.042405]
Recall_A:[0.392615 0.53109  0.581381 0.613429 0.636394 0.656729 0.67255 ] 
[Epoch:26] ApiLoss:0.005223 
[Evaluate] ApiLoss:0.006165 
NDCG_A:[0.570312 0.632585 0.640361 0.640246 0.638027 0.638541 0.63706 ]
AP_A:[0.570312 0.608596 0.60249  0.592115 0.581597 0.577306 0.569856]
Pre_A:[0.570312 0.178125 0.10026  0.073698 0.058984 0.049115 0.042622]
Recall_A:[0.389503 0.528052 0.577253 0.610927 0.638916 0.656876 0.673604] 
[Epoch:27] ApiLoss:0.005131 
[Evaluate] ApiLoss:0.006121 
NDCG_A:[0.578125 0.641518 0.645151 0.644444 0.645433 0.645148 0.644324]
AP_A:[0.578125 0.617889 0.607994 0.596485 0.590621 0.585996 0.580361]
Pre_A:[0.578125 0.177604 0.10013  0.073264 0.057812 0.047708 0.041406]
Recall_A:[0.392583 0.537682 0.580915 0.610043 0.63486  0.650394 0.669093] 
[Epoch:28] ApiLoss:0.005016 
[Evaluate] ApiLoss:0.006002 
NDCG_A:[0.602865 0.655131 0.659451 0.658747 0.660109 0.659367 0.659267]
AP_A:[0.602865 0.632369 0.619595 0.608913 0.603954 0.597474 0.59393 ]
Pre_A:[0.602865 0.183333 0.105339 0.076476 0.060547 0.050729 0.043316]
Recall_A:[0.409445 0.54446  0.601266 0.631751 0.656304 0.678383 0.688586] 
[Epoch:29] ApiLoss:0.004893 
[Evaluate] ApiLoss:0.005909 
NDCG_A:[0.605469 0.653279 0.659778 0.662106 0.664046 0.66245  0.660334]
AP_A:[0.605469 0.632872 0.62403  0.615082 0.610207 0.603669 0.596362]
Pre_A:[0.605469 0.182292 0.103776 0.075868 0.060352 0.05026  0.043446]
Recall_A:[0.416537 0.542163 0.592648 0.62997  0.657693 0.674465 0.690625] 
[Epoch:30] ApiLoss:0.00479 
[Evaluate] ApiLoss:0.005989 
NDCG_A:[0.579427 0.643314 0.649301 0.652862 0.651717 0.650255 0.650623]
AP_A:[0.579427 0.616876 0.60959  0.605319 0.595786 0.588166 0.584828]
Pre_A:[0.579427 0.184115 0.103906 0.074306 0.060091 0.050156 0.043142]
Recall_A:[0.396236 0.548665 0.594225 0.62597  0.654295 0.673759 0.688236] 
[Epoch:31] ApiLoss:0.004663 
[Evaluate] ApiLoss:0.005954 
NDCG_A:[0.602865 0.659796 0.664054 0.663342 0.663191 0.663623 0.662473]
AP_A:[0.602865 0.636169 0.625715 0.616091 0.609348 0.604435 0.599542]
Pre_A:[0.602865 0.185937 0.105729 0.075868 0.059635 0.049844 0.042969]
Recall_A:[0.415517 0.555734 0.602625 0.633158 0.656441 0.677153 0.689508] 
[Epoch:32] ApiLoss:0.004556 
[Evaluate] ApiLoss:0.006003 
NDCG_A:[0.596354 0.647478 0.658717 0.659723 0.659812 0.660133 0.658606]
AP_A:[0.596354 0.627277 0.620239 0.612398 0.606371 0.600033 0.594604]
Pre_A:[0.596354 0.179167 0.102995 0.073698 0.058724 0.049531 0.042665]
Recall_A:[0.411855 0.540792 0.601241 0.6289   0.652198 0.673825 0.688494] 
[Epoch:33] ApiLoss:0.004457 
[Evaluate] ApiLoss:0.005899 
NDCG_A:[0.611979 0.67044  0.679439 0.677037 0.674463 0.673048 0.673142]
AP_A:[0.611979 0.647964 0.641254 0.628887 0.618326 0.610584 0.609088]
Pre_A:[0.611979 0.186458 0.10638  0.076823 0.061133 0.051354 0.043707]
Recall_A:[0.427563 0.565737 0.618916 0.648664 0.672981 0.69386  0.700261] 
[Epoch:34] ApiLoss:0.004355 
[Evaluate] ApiLoss:0.006023 
NDCG_A:[0.601562 0.662482 0.667615 0.669018 0.665728 0.665716 0.663944]
AP_A:[0.601562 0.638547 0.628152 0.621189 0.611942 0.606816 0.600721]
Pre_A:[0.601562 0.185677 0.105859 0.075434 0.059766 0.05     0.043273]
Recall_A:[0.414047 0.560038 0.609437 0.635364 0.653263 0.672169 0.686103] 
[Epoch:35] ApiLoss:0.004269 
[Evaluate] ApiLoss:0.006157 
NDCG_A:[0.597656 0.656594 0.664809 0.666803 0.666564 0.666145 0.665668]
AP_A:[0.597656 0.633939 0.623996 0.616316 0.60871  0.603838 0.600122]
Pre_A:[0.597656 0.183073 0.10638  0.076562 0.060807 0.050573 0.043142]
Recall_A:[0.411752 0.548921 0.606077 0.640089 0.664398 0.680766 0.692729] 
[Epoch:36] ApiLoss:0.004186 
[Evaluate] ApiLoss:0.006305 
NDCG_A:[0.597656 0.668586 0.670117 0.669715 0.670489 0.669021 0.669473]
AP_A:[0.597656 0.643289 0.630318 0.618698 0.61355  0.607871 0.60214 ]
Pre_A:[0.597656 0.185937 0.105078 0.076215 0.059701 0.04974  0.043229]
Recall_A:[0.408975 0.562063 0.606076 0.638685 0.659977 0.672375 0.695243] 
[Epoch:37] ApiLoss:0.004105 
[Evaluate] ApiLoss:0.006042 
NDCG_A:[0.614583 0.671201 0.680127 0.681644 0.681446 0.680129 0.679703]
AP_A:[0.614583 0.648644 0.639862 0.629898 0.62507  0.619357 0.614451]
Pre_A:[0.614583 0.18776  0.106641 0.077778 0.061068 0.050677 0.043967]
Recall_A:[0.424431 0.566608 0.623114 0.659868 0.675443 0.690526 0.705121] 
[Epoch:38] ApiLoss:0.003996 
[Evaluate] ApiLoss:0.005836 
NDCG_A:[0.613281 0.675816 0.682254 0.681187 0.681424 0.679252 0.680446]
AP_A:[0.613281 0.650682 0.645121 0.635639 0.629501 0.622166 0.619123]
Pre_A:[0.613281 0.191667 0.10612  0.075174 0.059766 0.049792 0.042969]
Recall_A:[0.430368 0.581568 0.623541 0.649107 0.670674 0.687166 0.700153] 
[Epoch:39] ApiLoss:0.003925 
[Evaluate] ApiLoss:0.006128 
NDCG_A:[0.606771 0.662884 0.673086 0.673851 0.671679 0.670909 0.669952]
AP_A:[0.606771 0.641446 0.635275 0.626721 0.616738 0.61026  0.604882]
Pre_A:[0.606771 0.183073 0.104557 0.07526  0.060221 0.050156 0.043446]
Recall_A:[0.42266  0.556877 0.611598 0.641609 0.666253 0.682259 0.698905] 
[Epoch:40] ApiLoss:0.003862 
[Evaluate] ApiLoss:0.006216 
NDCG_A:[0.614583 0.666388 0.671575 0.671366 0.67161  0.671865 0.672971]
AP_A:[0.614583 0.645287 0.634996 0.625453 0.620473 0.616022 0.610559]
Pre_A:[0.614583 0.185417 0.104948 0.075    0.058529 0.048802 0.042491]
Recall_A:[0.429359 0.567886 0.614923 0.6409   0.655735 0.674866 0.697514] 
[Epoch:41] ApiLoss:0.003791 
[Evaluate] ApiLoss:0.006243 
NDCG_A:[0.602865 0.658951 0.664267 0.665524 0.665052 0.666732 0.66598 ]
AP_A:[0.602865 0.635896 0.625149 0.61766  0.609288 0.604735 0.60053 ]
Pre_A:[0.602865 0.183854 0.104297 0.075    0.059896 0.050208 0.043273]
Recall_A:[0.418071 0.558567 0.611046 0.638742 0.663798 0.688484 0.700234] 
[Epoch:42] ApiLoss:0.003715 
[Evaluate] ApiLoss:0.006304 
NDCG_A:[0.614583 0.666964 0.675391 0.677467 0.676277 0.674023 0.675676]
AP_A:[0.614583 0.643582 0.636364 0.629556 0.623078 0.615605 0.612567]
Pre_A:[0.614583 0.186198 0.105729 0.075434 0.05918  0.049427 0.042491]
Recall_A:[0.426249 0.566833 0.618544 0.646529 0.664019 0.67816  0.695171] 
[Epoch:43] ApiLoss:0.003614 
[Evaluate] ApiLoss:0.006109 
NDCG_A:[0.606771 0.664062 0.671603 0.671511 0.672694 0.671704 0.670112]
AP_A:[0.606771 0.639529 0.633381 0.625717 0.620753 0.614747 0.608697]
Pre_A:[0.606771 0.189323 0.10625  0.075347 0.059375 0.049323 0.042622]
Recall_A:[0.421432 0.571758 0.621147 0.641059 0.663352 0.677473 0.693011] 
[Epoch:44] ApiLoss:0.003523 
[Evaluate] ApiLoss:0.006288 
NDCG_A:[0.605469 0.667316 0.671188 0.674984 0.675129 0.67348  0.6736  ]
AP_A:[0.605469 0.642864 0.633469 0.628602 0.620957 0.6143   0.608987]
Pre_A:[0.605469 0.189323 0.105859 0.076128 0.060221 0.05     0.043533]
Recall_A:[0.421225 0.576743 0.619812 0.651356 0.674214 0.690216 0.709017] 
[Epoch:45] ApiLoss:0.003461 
[Evaluate] ApiLoss:0.006263 
NDCG_A:[0.621094 0.67605  0.686299 0.685963 0.688686 0.686237 0.685051]
AP_A:[0.621094 0.653405 0.648155 0.636633 0.633212 0.625011 0.618576]
Pre_A:[0.621094 0.189844 0.107552 0.077691 0.061523 0.051406 0.044444]
Recall_A:[0.43099  0.57568  0.625723 0.660797 0.68615  0.703864 0.722454] 
[Test] ApiLoss:0.006115 
NDCG_A:[0.609013 0.669226 0.678083 0.679704 0.678798 0.679115 0.676902]
AP_A:[0.609013 0.645563 0.638309 0.62892  0.619343 0.614835 0.608388]
Pre_A:[0.609013 0.197808 0.111328 0.079659 0.063033 0.05218  0.044702]
Recall_A:[0.407205 0.573847 0.630754 0.663688 0.687129 0.703355 0.716919] 
